#
# A fatal error has been detected by the Java Runtime Environment:
#
#  EXCEPTION_ACCESS_VIOLATION (0xc0000005) at pc=0x0000000074504b9b, pid=2468, tid=15316
#
# JRE version: Java(TM) SE Runtime Environment (7.0_80-b15) (build 1.7.0_80-b15)
# Java VM: Java HotSpot(TM) 64-Bit Server VM (24.80-b11 mixed mode windows-amd64 compressed oops)
# Problematic frame:
# V  [jvm.dll+0x144b9b]
#
# Failed to write core dump. Minidumps are not enabled by default on client versions of Windows
#
# If you would like to submit a bug report, please visit:
#   http://bugreport.java.com/bugreport/crash.jsp
#

---------------  T H R E A D  ---------------

Current thread (0x000000000af67800):  JavaThread "JDWP Transport Listener: dt_socket" daemon [_thread_in_vm, id=15316, stack(0x000000000c4b0000,0x000000000c5b0000)]

siginfo: ExceptionCode=0xc0000005, reading address 0xffffffffffffffff

Registers:
RAX=0x000000000c5af701, RBX=0x000000000af67800, RCX=0x6e6f697469747261, RDX=0x0000000000000000
RSP=0x000000000c5af750, RBP=0x6e6f697469747261, RSI=0x000000000c5af868, RDI=0x00000000026dab40
R8 =0x000000000af67800, R9 =0x0000000000008000, R10=0x0000000000000000, R11=0x000000000afaaa90
R12=0x0000000000000000, R13=0x000000000af54f28, R14=0x0000000000000000, R15=0x0000000000000000
RIP=0x0000000074504b9b, EFLAGS=0x0000000000010202

Top of Stack: (sp=0x000000000c5af750)
0x000000000c5af750:   000000000af67800 000000000cb36050
0x000000000c5af760:   000000000c5af818 00000000746a77d9
0x000000000c5af770:   000000000af67800 00000000746c5382
0x000000000c5af780:   0000000000000000 0000000075428e8d
0x000000000c5af790:   000000000af5ebf8 0000000075432666
0x000000000c5af7a0:   000000000af67800 0000000000000000
0x000000000c5af7b0:   0000000000000000 0000000000000000
0x000000000c5af7c0:   6e6f697469747261 000000007543175d
0x000000000c5af7d0:   000000000c5af868 000000000c5af840
0x000000000c5af7e0:   0000000000000001 000000000af5ebf8
0x000000000c5af7f0:   6e6f697469747261 00000000754153b3
0x000000000c5af800:   000000000c5af930 0000000000000001
0x000000000c5af810:   0000000000000001 000000000af5ebf8
0x000000000c5af820:   0000000000000009 0000000000000000
0x000000000c5af830:   0000000000000000 0000000000000000
0x000000000c5af840:   0000000000000001 0000000075415571 

Instructions: (pc=0x0000000074504b9b)
0x0000000074504b7b:   48 8b 5c 24 30 48 89 47 18 48 83 c4 20 5f c3 cc
0x0000000074504b8b:   cc cc cc cc cc 40 53 48 83 ec 20 48 85 c9 74 54
0x0000000074504b9b:   48 8b 19 48 85 db 74 4c 48 b8 fe fe fe fe fe fe
0x0000000074504bab:   fe fe 48 3b d8 74 3d 80 3d 57 56 61 00 00 74 15 


Register to memory mapping:

RAX=0x000000000c5af701 is pointing into the stack for thread: 0x000000000af67800
RBX=0x000000000af67800 is a thread
RCX=0x6e6f697469747261 is an unknown value
RDX=0x0000000000000000 is an unknown value
RSP=0x000000000c5af750 is pointing into the stack for thread: 0x000000000af67800
RBP=0x6e6f697469747261 is an unknown value
RSI=0x000000000c5af868 is pointing into the stack for thread: 0x000000000af67800
RDI=0x00000000026dab40 is an unknown value
R8 =0x000000000af67800 is a thread
R9 =0x0000000000008000 is an unknown value
R10=0x0000000000000000 is an unknown value
R11=0x000000000afaaa90 is an unknown value
R12=0x0000000000000000 is an unknown value
R13=0x000000000af54f28 is an unknown value
R14=0x0000000000000000 is an unknown value
R15=0x0000000000000000 is an unknown value


Stack: [0x000000000c4b0000,0x000000000c5b0000],  sp=0x000000000c5af750,  free space=1021k
Native frames: (J=compiled Java code, j=interpreted, Vv=VM code, C=native code)
V  [jvm.dll+0x144b9b]


---------------  P R O C E S S  ---------------

Java Threads: ( => current thread )
  0x000000000af8f000 JavaThread "Service Thread" daemon [_thread_blocked, id=15524, stack(0x000000000c9b0000,0x000000000cab0000)]
  0x000000000af81000 JavaThread "C2 CompilerThread1" daemon [_thread_blocked, id=16760, stack(0x000000000c8b0000,0x000000000c9b0000)]
  0x000000000af8c800 JavaThread "C2 CompilerThread0" daemon [_thread_blocked, id=6196, stack(0x000000000c7b0000,0x000000000c8b0000)]
  0x000000000af6d800 JavaThread "JDWP Command Reader" daemon [_thread_in_native, id=17220, stack(0x000000000c6b0000,0x000000000c7b0000)]
  0x000000000af6a000 JavaThread "JDWP Event Helper Thread" daemon [_thread_blocked, id=7372, stack(0x000000000c5b0000,0x000000000c6b0000)]
=>0x000000000af67800 JavaThread "JDWP Transport Listener: dt_socket" daemon [_thread_in_vm, id=15316, stack(0x000000000c4b0000,0x000000000c5b0000)]
  0x000000000af56000 JavaThread "Attach Listener" daemon [_thread_blocked, id=12476, stack(0x000000000c3b0000,0x000000000c4b0000)]
  0x000000000af53800 JavaThread "Signal Dispatcher" daemon [_thread_blocked, id=15504, stack(0x000000000c2b0000,0x000000000c3b0000)]
  0x000000000aefa000 JavaThread "Finalizer" daemon [_thread_blocked, id=8128, stack(0x000000000c1b0000,0x000000000c2b0000)]
  0x000000000aef6800 JavaThread "Reference Handler" daemon [_thread_blocked, id=16688, stack(0x000000000c0b0000,0x000000000c1b0000)]
  0x0000000002c12800 JavaThread "main" [_thread_blocked, id=15464, stack(0x0000000002b10000,0x0000000002c10000)]

Other Threads:
  0x000000000aef2800 VMThread [stack: 0x000000000bfb0000,0x000000000c0b0000] [id=10484]
  0x000000000cab8800 WatcherThread [stack: 0x000000000ceb0000,0x000000000cfb0000] [id=9008]

VM state:not at safepoint (normal execution)

VM Mutex/Monitor currently owned by a thread: None

Heap
 PSYoungGen      total 37888K, used 1966K [0x00000007d6000000, 0x00000007d8a00000, 0x0000000800000000)
  eden space 32768K, 6% used [0x00000007d6000000,0x00000007d61eb9d0,0x00000007d8000000)
  from space 5120K, 0% used [0x00000007d8500000,0x00000007d8500000,0x00000007d8a00000)
  to   space 5120K, 0% used [0x00000007d8000000,0x00000007d8000000,0x00000007d8500000)
 ParOldGen       total 86016K, used 0K [0x0000000782000000, 0x0000000787400000, 0x00000007d6000000)
  object space 86016K, 0% used [0x0000000782000000,0x0000000782000000,0x0000000787400000)
 PSPermGen       total 21504K, used 2706K [0x000000077ce00000, 0x000000077e300000, 0x0000000782000000)
  object space 21504K, 12% used [0x000000077ce00000,0x000000077d0a4bc8,0x000000077e300000)

Card table byte_map: [0x0000000005d10000,0x0000000006130000] byte_map_base: 0x0000000002129000

Polling page: 0x0000000002670000

Code Cache  [0x0000000002d10000, 0x0000000002f80000, 0x0000000005d10000)
 total_blobs=178 nmethods=1 adapters=138 free_code_cache=48769Kb largest_free_block=49920640

Compilation events (2 events):
Event: 0.194 Thread 0x000000000af8c800    1             java.lang.String::charAt (29 bytes)
Event: 0.200 Thread 0x000000000af8c800 nmethod 1 0x0000000002d6f590 code [0x0000000002d6f6e0, 0x0000000002d6f7d8]

GC Heap History (0 events):
No events

Deoptimization events (0 events):
No events

Internal exceptions (2 events):
Event: 0.052 Thread 0x0000000002c12800 Threw 0x00000007d600f760 at C:\re\jdk7u80\2329\hotspot\src\share\vm\prims\jni.cpp:3991
Event: 0.196 Thread 0x0000000002c12800 Threw 0x00000007d6148408 at C:\re\jdk7u80\2329\hotspot\src\share\vm\prims\jvm.cpp:1319

Events (10 events):
Event: 3653.177 Executing VM operation: ChangeBreakpoints
Event: 3653.177 Executing VM operation: ChangeBreakpoints done
Event: 3666.650 Executing VM operation: ChangeBreakpoints
Event: 3666.650 Executing VM operation: ChangeBreakpoints done
Event: 3702.750 Executing VM operation: ChangeBreakpoints
Event: 3702.750 Executing VM operation: ChangeBreakpoints done
Event: 3720.260 Executing VM operation: ChangeBreakpoints
Event: 3720.260 Executing VM operation: ChangeBreakpoints done
Event: 3720.263 Executing VM operation: RedefineClasses
Event: 3720.263 Executing VM operation: RedefineClasses done


Dynamic libraries:
0x00007ff766510000 - 0x00007ff766543000 	C:\Program Files\Java\jdk1.7.0_80\bin\java.exe
0x00007ffa6df60000 - 0x00007ffa6e131000 	C:\WINDOWS\SYSTEM32\ntdll.dll
0x00007ffa6de40000 - 0x00007ffa6deeb000 	C:\WINDOWS\System32\KERNEL32.DLL
0x00007ffa6af80000 - 0x00007ffa6b19d000 	C:\WINDOWS\System32\KERNELBASE.dll
0x00007ffa6bcb0000 - 0x00007ffa6bd52000 	C:\WINDOWS\System32\ADVAPI32.dll
0x00007ffa6bdc0000 - 0x00007ffa6be5e000 	C:\WINDOWS\System32\msvcrt.dll
0x00007ffa6c3d0000 - 0x00007ffa6c429000 	C:\WINDOWS\System32\sechost.dll
0x00007ffa6b5d0000 - 0x00007ffa6b6f1000 	C:\WINDOWS\System32\RPCRT4.dll
0x00007ffa6c5e0000 - 0x00007ffa6c745000 	C:\WINDOWS\System32\USER32.dll
0x00007ffa6b3c0000 - 0x00007ffa6b3de000 	C:\WINDOWS\System32\win32u.dll
0x00007ffa6c440000 - 0x00007ffa6c474000 	C:\WINDOWS\System32\GDI32.dll
0x00007ffa6ad90000 - 0x00007ffa6af12000 	C:\WINDOWS\System32\gdi32full.dll
0x00007ffa5fc20000 - 0x00007ffa5fe9a000 	C:\WINDOWS\WinSxS\amd64_microsoft.windows.common-controls_6595b64144ccf1df_6.0.14393.953_none_42151e83c686086b\COMCTL32.dll
0x00007ffa6be60000 - 0x00007ffa6c128000 	C:\WINDOWS\System32\combase.dll
0x00007ffa6a500000 - 0x00007ffa6a5f5000 	C:\WINDOWS\System32\ucrtbase.dll
0x00007ffa6b480000 - 0x00007ffa6b4ea000 	C:\WINDOWS\System32\bcryptPrimitives.dll
0x00007ffa6bc80000 - 0x00007ffa6bcae000 	C:\WINDOWS\System32\IMM32.DLL
0x00000000759c0000 - 0x0000000075a92000 	C:\Program Files\Java\jdk1.7.0_80\jre\bin\msvcr100.dll
0x00000000743c0000 - 0x0000000074b99000 	C:\Program Files\Java\jdk1.7.0_80\jre\bin\server\jvm.dll
0x00007ffa6dd30000 - 0x00007ffa6dd38000 	C:\WINDOWS\System32\PSAPI.DLL
0x00007ffa683e0000 - 0x00007ffa68403000 	C:\WINDOWS\SYSTEM32\WINMM.dll
0x00007ffa66c50000 - 0x00007ffa66c59000 	C:\WINDOWS\SYSTEM32\WSOCK32.dll
0x00007ffa68270000 - 0x00007ffa6829b000 	C:\WINDOWS\SYSTEM32\winmmbase.dll
0x00007ffa6b1a0000 - 0x00007ffa6b1e2000 	C:\WINDOWS\System32\cfgmgr32.dll
0x00007ffa6dcc0000 - 0x00007ffa6dd2a000 	C:\WINDOWS\System32\WS2_32.dll
0x0000000075dd0000 - 0x0000000075ddf000 	C:\Program Files\Java\jdk1.7.0_80\jre\bin\verify.dll
0x0000000075990000 - 0x00000000759b8000 	C:\Program Files\Java\jdk1.7.0_80\jre\bin\java.dll
0x0000000075410000 - 0x0000000075445000 	C:\Program Files\Java\jdk1.7.0_80\jre\bin\jdwp.dll
0x0000000075dc0000 - 0x0000000075dc8000 	C:\Program Files\Java\jdk1.7.0_80\jre\bin\npt.dll
0x0000000075970000 - 0x0000000075986000 	C:\Program Files\Java\jdk1.7.0_80\jre\bin\zip.dll
0x00000000753e0000 - 0x00000000753e9000 	C:\Program Files\Java\jdk1.7.0_80\jre\bin\dt_socket.dll
0x00007ffa69990000 - 0x00007ffa699ec000 	C:\WINDOWS\system32\mswsock.dll
0x00007ffa69d80000 - 0x00007ffa69f12000 	C:\WINDOWS\SYSTEM32\dbghelp.dll

VM Arguments:
jvm_args: -agentlib:jdwp=transport=dt_socket,address=127.0.0.1:56641,suspend=y,server=n -Dfile.encoding=UTF-8 
java_command: javaSrc.LeetCode.PanlindromePartition
Launcher Type: SUN_STANDARD

Environment Variables:
JAVA_HOME=C:\Program Files\Java\jdk1.7.0_80
PATH=C:\Program Files (x86)\Common Files\NetSarang;E:\apache-maven-3.3.9\bin;C:\Program Files\Java\jdk1.7.0_80\bin;C:\Program Files\Java\jdk1.7.0_80\jre\bin;C:\Program Files (x86)\NVIDIA Corporation\PhysX\Common;C:\Program Files (x86)\Intel\iCLS Client\;C:\Program Files\Intel\iCLS Client\;C:\WINDOWS\system32;C:\WINDOWS;C:\WINDOWS\System32\Wbem;C:\WINDOWS\System32\WindowsPowerShell\v1.0\;C:\Program Files\Intel\Intel(R) Management Engine Components\DAL;C:\Program Files\Intel\Intel(R) Management Engine Components\IPT;C:\Program Files (x86)\Intel\Intel(R) Management Engine Components\DAL;C:\Program Files (x86)\Intel\Intel(R) Management Engine Components\IPT;F:\wtnmp-portable\WT-NMP\bin\PHP\php-5.6.10;E:\php5.5;E:\php5.5\ext;E:\mysql-5.6.25-winx64\bin;E:\OpenVPN\bin;C:\Program Files\TortoiseSVN\bin;E:\Rational\common;C:\Program Files (x86)\nodejs\;C:\Program Files (x86)\Microsoft Visual Studio 14.0\VC\bin;C:\Program Files (x86)\Microsoft Visual Studio 14.0\Common7\IDE;C:\Program Files (x86)\Microsoft Visual Studio 14.0\Common7\Tools;E:\opnet\14.5.A\sys\pc_intel_win32\bin;E:\slik\bin;;E:\Boot2Docker for Windows;E:\OpenVPN\bin;C:\Users\Administrator\AppData\Roaming\npm;USERPROFILE\AppData\Local\Microsoft\WindowsApps
USERNAME=Jim Wang
OS=Windows_NT
PROCESSOR_IDENTIFIER=Intel64 Family 6 Model 69 Stepping 1, GenuineIntel



---------------  S Y S T E M  ---------------

OS: Windows 8.1 , 64 bit Build 9600 

CPU:total 4 (2 cores per cpu, 2 threads per core) family 6 model 69 stepping 1, cmov, cx8, fxsr, mmx, sse, sse2, sse3, ssse3, sse4.1, sse4.2, popcnt, avx, avx2, aes, erms, ht, tsc, tscinvbit

Memory: 4k page, physical 8250304k(4536012k free), swap 10411584k(4458936k free)

vm_info: Java HotSpot(TM) 64-Bit Server VM (24.80-b11) for windows-amd64 JRE (1.7.0_80-b15), built on Apr 10 2015 11:26:34 by "java_re" with unknown MS VC++:1600

time: Thu Apr 06 00:07:32 2017
elapsed time: 3720 seconds

